2025年01月15日 14:35:20  信息 : -------------网关启动完毕-------------------
2025年01月15日 14:35:20  信息 : -------------应用启动完毕-------------------
2025年01月15日 14:35:20  信息: cj.studio.gateway.tools.GatewayEntrypoint - 网关成功启动
2025年01月15日 14:44:09  信息 : 网关监视失败。原因：Bad file descriptor
2025年01月15日 14:44:20  信息 : -------------网关启动完毕-------------------
2025年01月15日 14:44:20  信息: cj.studio.gateway.GatewaySocketContainer - 发现应用:helloworld，加载...
2025年01月15日 14:44:20  信息 : 已装载共享库/Users/andrewjoes/Studio/projects/cj.netos.examples/cj.netos.examples.helloworld.xxx.program/cmdtools/gateway/lib/share
2025年01月15日 14:45:34  信息 : -------------网关启动完毕-------------------
2025年01月15日 14:45:34  信息: cj.studio.gateway.GatewaySocketContainer - 发现应用:helloworld，加载...
2025年01月15日 14:45:34  信息 : 已装载共享库/Users/andrewjoes/Studio/projects/cj.netos.examples/cj.netos.examples.helloworld.xxx.program/cmdtools/gateway/lib/share
2025年01月15日 14:45:34  信息 : -------------应用启动完毕-------------------
2025年01月15日 14:45:34  信息: cj.studio.gateway.tools.GatewayEntrypoint - 网关成功启动
2025年01月15日 14:48:00  错误: cj.studio.gateway.tools.RouterConsole - Bad file descriptor
2025年01月15日 14:48:00  信息 : 网关监视失败。原因：Bad file descriptor
2025年01月15日 14:48:02  信息 : -------------网关启动完毕-------------------
2025年01月15日 14:48:02  信息: cj.studio.gateway.GatewaySocketContainer - 发现应用:helloworld，加载...
2025年01月15日 14:48:02  信息 : 已装载共享库/Users/andrewjoes/Studio/projects/cj.netos.examples/cj.netos.examples.helloworld.xxx.program/cmdtools/gateway/lib/share
2025年01月15日 14:48:02  信息 : -------------应用启动完毕-------------------
2025年01月15日 14:48:02  信息: cj.studio.gateway.tools.GatewayEntrypoint - 网关成功启动
2025年01月15日 14:48:53  错误: cj.studio.gateway.tools.sc.ServersConsole - 不认识的命令：la
2025年01月15日 14:50:06  错误: cj.studio.gateway.tools.sc.ServersConsole - Address already in use
2025年01月15日 14:50:21  错误: cj.studio.gateway.tools.RouterConsole - Bad file descriptor
2025年01月15日 14:50:21  信息 : 网关监视失败。原因：Bad file descriptor
2025年01月15日 14:51:01  信息 : -------------网关启动完毕-------------------
2025年01月15日 14:51:01  信息: cj.studio.gateway.GatewaySocketContainer - 发现应用:helloworld，加载...
2025年01月15日 14:51:01  信息 : 已装载共享库/Users/andrewjoes/Studio/projects/cj.netos.examples/cj.netos.examples.helloworld.xxx.program/cmdtools/gateway/lib/share
2025年01月15日 14:51:01  信息 : -------------应用启动完毕-------------------
2025年01月15日 14:51:01  信息: cj.studio.gateway.tools.GatewayEntrypoint - 网关成功启动
2025年01月15日 14:51:11  错误: cj.studio.gateway.server.handler.HttpChannelHandler - 404 缺少路由目标，请求侦被丢掉：/
2025年01月15日 14:51:27  错误: cj.studio.gateway.server.handler.HttpChannelHandler - 404 簇中缺少目标:xxx
2025年01月15日 14:51:49  错误: cj.studio.gateway.server.handler.HttpChannelHandler - 404 簇中缺少目标:xxx
2025年01月15日 14:52:58  错误: cj.studio.gateway.server.handler.HttpChannelHandler - 404 簇中缺少目标:xxx
2025年01月15日 14:53:05  错误: cj.studio.gateway.server.handler.HttpChannelHandler - 404 簇中缺少目标:xxx
2025年01月15日 14:53:20  信息 : 网关监视失败。原因：Bad file descriptor
2025年01月15日 14:53:22  信息 : -------------网关启动完毕-------------------
2025年01月15日 14:53:22  信息: cj.studio.gateway.GatewaySocketContainer - 发现应用:helloworld，加载...
2025年01月15日 14:53:22  信息 : 已装载共享库/Users/andrewjoes/Studio/projects/cj.netos.examples/cj.netos.examples.helloworld.xxx.program/cmdtools/gateway/lib/share
2025年01月15日 14:54:00  信息 : -------------网关启动完毕-------------------
2025年01月15日 14:54:00  信息: cj.studio.gateway.GatewaySocketContainer - 发现应用:helloworld，加载...
2025年01月15日 14:54:00  信息 : 已装载共享库/Users/andrewjoes/Studio/projects/cj.netos.examples/cj.netos.examples.helloworld.xxx.program/cmdtools/gateway/lib/share
2025年01月15日 14:54:01  信息 : -------------应用启动完毕-------------------
2025年01月15日 14:54:01  信息: cj.studio.gateway.tools.GatewayEntrypoint - 网关成功启动
2025年01月15日 14:54:25  错误: cj.studio.gateway.server.handler.HttpChannelHandler - 404 簇中缺少目标:xxx
2025年01月15日 14:54:44  信息 : 网关监视失败。原因：Bad file descriptor
2025年01月15日 14:54:46  信息 : -------------网关启动完毕-------------------
2025年01月15日 14:54:46  信息: cj.studio.gateway.GatewaySocketContainer - 发现应用:xxx，加载...
2025年01月15日 14:54:46  信息 : 已装载共享库/Users/andrewjoes/Studio/projects/cj.netos.examples/cj.netos.examples.helloworld.xxx.program/cmdtools/gateway/lib/share
2025年01月15日 14:54:46  信息 : -------------应用启动完毕-------------------
2025年01月15日 14:54:46  信息: cj.studio.gateway.tools.GatewayEntrypoint - 网关成功启动
2025年01月15日 14:54:48  错误: cj.studio.gateway.server.handler.HttpChannelHandler -  异常：java.lang.NullPointerException
		at cj.studio.gateway.socket.app.valve.LastWayInputValve.<init>(LastWayInputValve.java:55)
		at cj.studio.gateway.socket.app.pipeline.builder.AppSocketInputPipelineBuilder.createInputPipeline(AppSocketInputPipelineBuilder.java:67)
		at cj.studio.gateway.socket.app.pipeline.builder.AppSocketInputPipelineBuilder.createPipeline(AppSocketInputPipelineBuilder.java:48)
		at cj.studio.gateway.server.handler.HttpChannelHandler.pipelineHttpBuild(HttpChannelHandler.java:504)
		at cj.studio.gateway.server.handler.HttpChannelHandler.flowHttpRequest(HttpChannelHandler.java:469)
		at cj.studio.gateway.server.handler.HttpChannelHandler.handleHttpRequest(HttpChannelHandler.java:209)
		at cj.studio.gateway.server.handler.HttpChannelHandler.messageReceived(HttpChannelHandler.java:105)
		at io.netty.channel.SimpleChannelInboundHandler.channelRead(SimpleChannelInboundHandler.java:105)
		at io.netty.channel.ChannelHandlerInvokerUtil.invokeChannelReadNow(ChannelHandlerInvokerUtil.java:84)
		at io.netty.channel.DefaultChannelHandlerInvoker.invokeChannelRead(DefaultChannelHandlerInvoker.java:153)
		at io.netty.channel.PausableChannelEventExecutor.invokeChannelRead(PausableChannelEventExecutor.java:86)
		at io.netty.channel.AbstractChannelHandlerContext.fireChannelRead(AbstractChannelHandlerContext.java:389)
		at io.netty.channel.ChannelHandlerAdapter.channelRead(ChannelHandlerAdapter.java:143)
		at io.netty.channel.ChannelHandlerInvokerUtil.invokeChannelReadNow(ChannelHandlerInvokerUtil.java:84)
		at io.netty.channel.DefaultChannelHandlerInvoker.invokeChannelRead(DefaultChannelHandlerInvoker.java:153)
		at io.netty.channel.PausableChannelEventExecutor.invokeChannelRead(PausableChannelEventExecutor.java:86)
		at io.netty.channel.AbstractChannelHandlerContext.fireChannelRead(AbstractChannelHandlerContext.java:389)
		at io.netty.handler.codec.MessageToMessageDecoder.channelRead(MessageToMessageDecoder.java:103)
		at io.netty.handler.codec.MessageToMessageCodec.channelRead(MessageToMessageCodec.java:111)
		at io.netty.channel.ChannelHandlerInvokerUtil.invokeChannelReadNow(ChannelHandlerInvokerUtil.java:84)
		at io.netty.channel.DefaultChannelHandlerInvoker.invokeChannelRead(DefaultChannelHandlerInvoker.java:153)
		at io.netty.channel.PausableChannelEventExecutor.invokeChannelRead(PausableChannelEventExecutor.java:86)
		at io.netty.channel.AbstractChannelHandlerContext.fireChannelRead(AbstractChannelHandlerContext.java:389)
		at io.netty.handler.codec.ByteToMessageDecoder.channelRead(ByteToMessageDecoder.java:243)
		at io.netty.channel.ChannelHandlerInvokerUtil.invokeChannelReadNow(ChannelHandlerInvokerUtil.java:84)
		at io.netty.channel.DefaultChannelHandlerInvoker.invokeChannelRead(DefaultChannelHandlerInvoker.java:153)
		at io.netty.channel.PausableChannelEventExecutor.invokeChannelRead(PausableChannelEventExecutor.java:86)
		at io.netty.channel.AbstractChannelHandlerContext.fireChannelRead(AbstractChannelHandlerContext.java:389)
		at io.netty.channel.DefaultChannelPipeline.fireChannelRead(DefaultChannelPipeline.java:956)
		at io.netty.channel.nio.AbstractNioByteChannel$NioByteUnsafe.read(AbstractNioByteChannel.java:127)
		at io.netty.channel.nio.NioEventLoop.processSelectedKey(NioEventLoop.java:514)
		at io.netty.channel.nio.NioEventLoop.processSelectedKeysOptimized(NioEventLoop.java:471)
		at io.netty.channel.nio.NioEventLoop.processSelectedKeys(NioEventLoop.java:385)
		at io.netty.channel.nio.NioEventLoop.run(NioEventLoop.java:351)
		at io.netty.util.concurrent.SingleThreadEventExecutor$2.run(SingleThreadEventExecutor.java:116)
		at io.netty.util.internal.chmv8.ForkJoinTask$RunnableExecuteAction.exec(ForkJoinTask.java:1412)
		at io.netty.util.internal.chmv8.ForkJoinTask.doExec(ForkJoinTask.java:280)
		at io.netty.util.internal.chmv8.ForkJoinPool$WorkQueue.runTask(ForkJoinPool.java:877)
		at io.netty.util.internal.chmv8.ForkJoinPool.scan(ForkJoinPool.java:1706)
		at io.netty.util.internal.chmv8.ForkJoinPool.runWorker(ForkJoinPool.java:1661)
		at io.netty.util.internal.chmv8.ForkJoinWorkerThread.run(ForkJoinWorkerThread.java:126)
2025年01月15日 14:54:59  错误: cj.studio.gateway.server.handler.HttpChannelHandler -  异常：java.lang.NullPointerException
		at cj.studio.gateway.socket.app.valve.LastWayInputValve.<init>(LastWayInputValve.java:55)
		at cj.studio.gateway.socket.app.pipeline.builder.AppSocketInputPipelineBuilder.createInputPipeline(AppSocketInputPipelineBuilder.java:67)
		at cj.studio.gateway.socket.app.pipeline.builder.AppSocketInputPipelineBuilder.createPipeline(AppSocketInputPipelineBuilder.java:48)
		at cj.studio.gateway.server.handler.HttpChannelHandler.pipelineHttpBuild(HttpChannelHandler.java:504)
		at cj.studio.gateway.server.handler.HttpChannelHandler.flowHttpRequest(HttpChannelHandler.java:469)
		at cj.studio.gateway.server.handler.HttpChannelHandler.handleHttpRequest(HttpChannelHandler.java:209)
		at cj.studio.gateway.server.handler.HttpChannelHandler.messageReceived(HttpChannelHandler.java:105)
		at io.netty.channel.SimpleChannelInboundHandler.channelRead(SimpleChannelInboundHandler.java:105)
		at io.netty.channel.ChannelHandlerInvokerUtil.invokeChannelReadNow(ChannelHandlerInvokerUtil.java:84)
		at io.netty.channel.DefaultChannelHandlerInvoker.invokeChannelRead(DefaultChannelHandlerInvoker.java:153)
		at io.netty.channel.PausableChannelEventExecutor.invokeChannelRead(PausableChannelEventExecutor.java:86)
		at io.netty.channel.AbstractChannelHandlerContext.fireChannelRead(AbstractChannelHandlerContext.java:389)
		at io.netty.channel.ChannelHandlerAdapter.channelRead(ChannelHandlerAdapter.java:143)
		at io.netty.channel.ChannelHandlerInvokerUtil.invokeChannelReadNow(ChannelHandlerInvokerUtil.java:84)
		at io.netty.channel.DefaultChannelHandlerInvoker.invokeChannelRead(DefaultChannelHandlerInvoker.java:153)
		at io.netty.channel.PausableChannelEventExecutor.invokeChannelRead(PausableChannelEventExecutor.java:86)
		at io.netty.channel.AbstractChannelHandlerContext.fireChannelRead(AbstractChannelHandlerContext.java:389)
		at io.netty.handler.codec.MessageToMessageDecoder.channelRead(MessageToMessageDecoder.java:103)
		at io.netty.handler.codec.MessageToMessageCodec.channelRead(MessageToMessageCodec.java:111)
		at io.netty.channel.ChannelHandlerInvokerUtil.invokeChannelReadNow(ChannelHandlerInvokerUtil.java:84)
		at io.netty.channel.DefaultChannelHandlerInvoker.invokeChannelRead(DefaultChannelHandlerInvoker.java:153)
		at io.netty.channel.PausableChannelEventExecutor.invokeChannelRead(PausableChannelEventExecutor.java:86)
		at io.netty.channel.AbstractChannelHandlerContext.fireChannelRead(AbstractChannelHandlerContext.java:389)
		at io.netty.handler.codec.ByteToMessageDecoder.channelRead(ByteToMessageDecoder.java:243)
		at io.netty.channel.ChannelHandlerInvokerUtil.invokeChannelReadNow(ChannelHandlerInvokerUtil.java:84)
		at io.netty.channel.DefaultChannelHandlerInvoker.invokeChannelRead(DefaultChannelHandlerInvoker.java:153)
		at io.netty.channel.PausableChannelEventExecutor.invokeChannelRead(PausableChannelEventExecutor.java:86)
		at io.netty.channel.AbstractChannelHandlerContext.fireChannelRead(AbstractChannelHandlerContext.java:389)
		at io.netty.channel.DefaultChannelPipeline.fireChannelRead(DefaultChannelPipeline.java:956)
		at io.netty.channel.nio.AbstractNioByteChannel$NioByteUnsafe.read(AbstractNioByteChannel.java:127)
		at io.netty.channel.nio.NioEventLoop.processSelectedKey(NioEventLoop.java:514)
		at io.netty.channel.nio.NioEventLoop.processSelectedKeysOptimized(NioEventLoop.java:471)
		at io.netty.channel.nio.NioEventLoop.processSelectedKeys(NioEventLoop.java:385)
		at io.netty.channel.nio.NioEventLoop.run(NioEventLoop.java:351)
		at io.netty.util.concurrent.SingleThreadEventExecutor$2.run(SingleThreadEventExecutor.java:116)
		at io.netty.util.internal.chmv8.ForkJoinTask$RunnableExecuteAction.exec(ForkJoinTask.java:1412)
		at io.netty.util.internal.chmv8.ForkJoinTask.doExec(ForkJoinTask.java:280)
		at io.netty.util.internal.chmv8.ForkJoinPool$WorkQueue.runTask(ForkJoinPool.java:877)
		at io.netty.util.internal.chmv8.ForkJoinPool.scan(ForkJoinPool.java:1706)
		at io.netty.util.internal.chmv8.ForkJoinPool.runWorker(ForkJoinPool.java:1661)
		at io.netty.util.internal.chmv8.ForkJoinWorkerThread.run(ForkJoinWorkerThread.java:126)
2025年01月15日 14:55:23  信息 : 网关监视失败。原因：Bad file descriptor
2025年01月15日 14:55:24  信息 : -------------网关启动完毕-------------------
2025年01月15日 14:55:24  信息: cj.studio.gateway.GatewaySocketContainer - 发现应用:xxx，加载...
2025年01月15日 14:55:24  信息 : 已装载共享库/Users/andrewjoes/Studio/projects/cj.netos.examples/cj.netos.examples.helloworld.xxx.program/cmdtools/gateway/lib/share
2025年01月15日 14:55:24  信息 : -------------应用启动完毕-------------------
2025年01月15日 14:55:24  信息: cj.studio.gateway.tools.GatewayEntrypoint - 网关成功启动
2025年01月15日 14:55:27  错误: cj.studio.gateway.server.handler.HttpChannelHandler -  异常：java.lang.NullPointerException
		at cj.studio.gateway.socket.app.valve.LastWayInputValve.<init>(LastWayInputValve.java:55)
		at cj.studio.gateway.socket.app.pipeline.builder.AppSocketInputPipelineBuilder.createInputPipeline(AppSocketInputPipelineBuilder.java:67)
		at cj.studio.gateway.socket.app.pipeline.builder.AppSocketInputPipelineBuilder.createPipeline(AppSocketInputPipelineBuilder.java:48)
		at cj.studio.gateway.server.handler.HttpChannelHandler.pipelineHttpBuild(HttpChannelHandler.java:504)
		at cj.studio.gateway.server.handler.HttpChannelHandler.flowHttpRequest(HttpChannelHandler.java:469)
		at cj.studio.gateway.server.handler.HttpChannelHandler.handleHttpRequest(HttpChannelHandler.java:209)
		at cj.studio.gateway.server.handler.HttpChannelHandler.messageReceived(HttpChannelHandler.java:105)
		at io.netty.channel.SimpleChannelInboundHandler.channelRead(SimpleChannelInboundHandler.java:105)
		at io.netty.channel.ChannelHandlerInvokerUtil.invokeChannelReadNow(ChannelHandlerInvokerUtil.java:84)
		at io.netty.channel.DefaultChannelHandlerInvoker.invokeChannelRead(DefaultChannelHandlerInvoker.java:153)
		at io.netty.channel.PausableChannelEventExecutor.invokeChannelRead(PausableChannelEventExecutor.java:86)
		at io.netty.channel.AbstractChannelHandlerContext.fireChannelRead(AbstractChannelHandlerContext.java:389)
		at io.netty.channel.ChannelHandlerAdapter.channelRead(ChannelHandlerAdapter.java:143)
		at io.netty.channel.ChannelHandlerInvokerUtil.invokeChannelReadNow(ChannelHandlerInvokerUtil.java:84)
		at io.netty.channel.DefaultChannelHandlerInvoker.invokeChannelRead(DefaultChannelHandlerInvoker.java:153)
		at io.netty.channel.PausableChannelEventExecutor.invokeChannelRead(PausableChannelEventExecutor.java:86)
		at io.netty.channel.AbstractChannelHandlerContext.fireChannelRead(AbstractChannelHandlerContext.java:389)
		at io.netty.handler.codec.MessageToMessageDecoder.channelRead(MessageToMessageDecoder.java:103)
		at io.netty.handler.codec.MessageToMessageCodec.channelRead(MessageToMessageCodec.java:111)
		at io.netty.channel.ChannelHandlerInvokerUtil.invokeChannelReadNow(ChannelHandlerInvokerUtil.java:84)
		at io.netty.channel.DefaultChannelHandlerInvoker.invokeChannelRead(DefaultChannelHandlerInvoker.java:153)
		at io.netty.channel.PausableChannelEventExecutor.invokeChannelRead(PausableChannelEventExecutor.java:86)
		at io.netty.channel.AbstractChannelHandlerContext.fireChannelRead(AbstractChannelHandlerContext.java:389)
		at io.netty.handler.codec.ByteToMessageDecoder.channelRead(ByteToMessageDecoder.java:243)
		at io.netty.channel.ChannelHandlerInvokerUtil.invokeChannelReadNow(ChannelHandlerInvokerUtil.java:84)
		at io.netty.channel.DefaultChannelHandlerInvoker.invokeChannelRead(DefaultChannelHandlerInvoker.java:153)
		at io.netty.channel.PausableChannelEventExecutor.invokeChannelRead(PausableChannelEventExecutor.java:86)
		at io.netty.channel.AbstractChannelHandlerContext.fireChannelRead(AbstractChannelHandlerContext.java:389)
		at io.netty.channel.DefaultChannelPipeline.fireChannelRead(DefaultChannelPipeline.java:956)
		at io.netty.channel.nio.AbstractNioByteChannel$NioByteUnsafe.read(AbstractNioByteChannel.java:127)
		at io.netty.channel.nio.NioEventLoop.processSelectedKey(NioEventLoop.java:514)
		at io.netty.channel.nio.NioEventLoop.processSelectedKeysOptimized(NioEventLoop.java:471)
		at io.netty.channel.nio.NioEventLoop.processSelectedKeys(NioEventLoop.java:385)
		at io.netty.channel.nio.NioEventLoop.run(NioEventLoop.java:351)
		at io.netty.util.concurrent.SingleThreadEventExecutor$2.run(SingleThreadEventExecutor.java:116)
		at io.netty.util.internal.chmv8.ForkJoinTask$RunnableExecuteAction.exec(ForkJoinTask.java:1412)
		at io.netty.util.internal.chmv8.ForkJoinTask.doExec(ForkJoinTask.java:280)
		at io.netty.util.internal.chmv8.ForkJoinPool$WorkQueue.runTask(ForkJoinPool.java:877)
		at io.netty.util.internal.chmv8.ForkJoinPool.scan(ForkJoinPool.java:1706)
		at io.netty.util.internal.chmv8.ForkJoinPool.runWorker(ForkJoinPool.java:1661)
		at io.netty.util.internal.chmv8.ForkJoinWorkerThread.run(ForkJoinWorkerThread.java:126)
2025年01月15日 14:56:07  信息 : 网关监视失败。原因：Bad file descriptor
2025年01月15日 14:56:08  信息 : -------------网关启动完毕-------------------
2025年01月15日 14:56:08  信息: cj.studio.gateway.GatewaySocketContainer - 发现应用:xxx，加载...
2025年01月15日 14:56:08  信息 : 已装载共享库/Users/andrewjoes/Studio/projects/cj.netos.examples/cj.netos.examples.helloworld.xxx.program/cmdtools/gateway/lib/share
2025年01月15日 14:56:08  信息 : -------------应用启动完毕-------------------
2025年01月15日 14:56:08  信息: cj.studio.gateway.tools.GatewayEntrypoint - 网关成功启动
2025年01月15日 14:56:11  错误: cj.studio.gateway.server.handler.HttpChannelHandler -  异常：java.lang.NullPointerException
		at cj.studio.gateway.socket.app.valve.LastWayInputValve.<init>(LastWayInputValve.java:55)
		at cj.studio.gateway.socket.app.pipeline.builder.AppSocketInputPipelineBuilder.createInputPipeline(AppSocketInputPipelineBuilder.java:67)
		at cj.studio.gateway.socket.app.pipeline.builder.AppSocketInputPipelineBuilder.createPipeline(AppSocketInputPipelineBuilder.java:48)
		at cj.studio.gateway.server.handler.HttpChannelHandler.pipelineHttpBuild(HttpChannelHandler.java:504)
		at cj.studio.gateway.server.handler.HttpChannelHandler.flowHttpRequest(HttpChannelHandler.java:469)
		at cj.studio.gateway.server.handler.HttpChannelHandler.handleHttpRequest(HttpChannelHandler.java:209)
		at cj.studio.gateway.server.handler.HttpChannelHandler.messageReceived(HttpChannelHandler.java:105)
		at io.netty.channel.SimpleChannelInboundHandler.channelRead(SimpleChannelInboundHandler.java:105)
		at io.netty.channel.ChannelHandlerInvokerUtil.invokeChannelReadNow(ChannelHandlerInvokerUtil.java:84)
		at io.netty.channel.DefaultChannelHandlerInvoker.invokeChannelRead(DefaultChannelHandlerInvoker.java:153)
		at io.netty.channel.PausableChannelEventExecutor.invokeChannelRead(PausableChannelEventExecutor.java:86)
		at io.netty.channel.AbstractChannelHandlerContext.fireChannelRead(AbstractChannelHandlerContext.java:389)
		at io.netty.channel.ChannelHandlerAdapter.channelRead(ChannelHandlerAdapter.java:143)
		at io.netty.channel.ChannelHandlerInvokerUtil.invokeChannelReadNow(ChannelHandlerInvokerUtil.java:84)
		at io.netty.channel.DefaultChannelHandlerInvoker.invokeChannelRead(DefaultChannelHandlerInvoker.java:153)
		at io.netty.channel.PausableChannelEventExecutor.invokeChannelRead(PausableChannelEventExecutor.java:86)
		at io.netty.channel.AbstractChannelHandlerContext.fireChannelRead(AbstractChannelHandlerContext.java:389)
		at io.netty.handler.codec.MessageToMessageDecoder.channelRead(MessageToMessageDecoder.java:103)
		at io.netty.handler.codec.MessageToMessageCodec.channelRead(MessageToMessageCodec.java:111)
		at io.netty.channel.ChannelHandlerInvokerUtil.invokeChannelReadNow(ChannelHandlerInvokerUtil.java:84)
		at io.netty.channel.DefaultChannelHandlerInvoker.invokeChannelRead(DefaultChannelHandlerInvoker.java:153)
		at io.netty.channel.PausableChannelEventExecutor.invokeChannelRead(PausableChannelEventExecutor.java:86)
		at io.netty.channel.AbstractChannelHandlerContext.fireChannelRead(AbstractChannelHandlerContext.java:389)
		at io.netty.handler.codec.ByteToMessageDecoder.channelRead(ByteToMessageDecoder.java:243)
		at io.netty.channel.ChannelHandlerInvokerUtil.invokeChannelReadNow(ChannelHandlerInvokerUtil.java:84)
		at io.netty.channel.DefaultChannelHandlerInvoker.invokeChannelRead(DefaultChannelHandlerInvoker.java:153)
		at io.netty.channel.PausableChannelEventExecutor.invokeChannelRead(PausableChannelEventExecutor.java:86)
		at io.netty.channel.AbstractChannelHandlerContext.fireChannelRead(AbstractChannelHandlerContext.java:389)
		at io.netty.channel.DefaultChannelPipeline.fireChannelRead(DefaultChannelPipeline.java:956)
		at io.netty.channel.nio.AbstractNioByteChannel$NioByteUnsafe.read(AbstractNioByteChannel.java:127)
		at io.netty.channel.nio.NioEventLoop.processSelectedKey(NioEventLoop.java:514)
		at io.netty.channel.nio.NioEventLoop.processSelectedKeysOptimized(NioEventLoop.java:471)
		at io.netty.channel.nio.NioEventLoop.processSelectedKeys(NioEventLoop.java:385)
		at io.netty.channel.nio.NioEventLoop.run(NioEventLoop.java:351)
		at io.netty.util.concurrent.SingleThreadEventExecutor$2.run(SingleThreadEventExecutor.java:116)
		at io.netty.util.internal.chmv8.ForkJoinTask$RunnableExecuteAction.exec(ForkJoinTask.java:1412)
		at io.netty.util.internal.chmv8.ForkJoinTask.doExec(ForkJoinTask.java:280)
		at io.netty.util.internal.chmv8.ForkJoinPool$WorkQueue.runTask(ForkJoinPool.java:877)
		at io.netty.util.internal.chmv8.ForkJoinPool.scan(ForkJoinPool.java:1706)
		at io.netty.util.internal.chmv8.ForkJoinPool.runWorker(ForkJoinPool.java:1661)
		at io.netty.util.internal.chmv8.ForkJoinWorkerThread.run(ForkJoinWorkerThread.java:126)
2025年01月15日 14:57:01  信息 : 网关监视失败。原因：Bad file descriptor
2025年01月15日 14:57:02  信息 : -------------网关启动完毕-------------------
2025年01月15日 14:57:02  信息: cj.studio.gateway.GatewaySocketContainer - 发现应用:hello，加载...
2025年01月15日 14:57:02  信息 : 已装载共享库/Users/andrewjoes/Studio/projects/cj.netos.examples/cj.netos.examples.helloworld.xxx.program/cmdtools/gateway/lib/share
2025年01月15日 14:57:02  信息 : -------------应用启动完毕-------------------
2025年01月15日 14:57:02  信息: cj.studio.gateway.tools.GatewayEntrypoint - 网关成功启动
2025年01月15日 14:57:08  错误: cj.studio.gateway.server.handler.HttpChannelHandler -  异常：java.lang.NullPointerException
		at cj.studio.gateway.socket.app.valve.LastWayInputValve.<init>(LastWayInputValve.java:55)
		at cj.studio.gateway.socket.app.pipeline.builder.AppSocketInputPipelineBuilder.createInputPipeline(AppSocketInputPipelineBuilder.java:67)
		at cj.studio.gateway.socket.app.pipeline.builder.AppSocketInputPipelineBuilder.createPipeline(AppSocketInputPipelineBuilder.java:48)
		at cj.studio.gateway.server.handler.HttpChannelHandler.pipelineHttpBuild(HttpChannelHandler.java:504)
		at cj.studio.gateway.server.handler.HttpChannelHandler.flowHttpRequest(HttpChannelHandler.java:469)
		at cj.studio.gateway.server.handler.HttpChannelHandler.handleHttpRequest(HttpChannelHandler.java:209)
		at cj.studio.gateway.server.handler.HttpChannelHandler.messageReceived(HttpChannelHandler.java:105)
		at io.netty.channel.SimpleChannelInboundHandler.channelRead(SimpleChannelInboundHandler.java:105)
		at io.netty.channel.ChannelHandlerInvokerUtil.invokeChannelReadNow(ChannelHandlerInvokerUtil.java:84)
		at io.netty.channel.DefaultChannelHandlerInvoker.invokeChannelRead(DefaultChannelHandlerInvoker.java:153)
		at io.netty.channel.PausableChannelEventExecutor.invokeChannelRead(PausableChannelEventExecutor.java:86)
		at io.netty.channel.AbstractChannelHandlerContext.fireChannelRead(AbstractChannelHandlerContext.java:389)
		at io.netty.channel.ChannelHandlerAdapter.channelRead(ChannelHandlerAdapter.java:143)
		at io.netty.channel.ChannelHandlerInvokerUtil.invokeChannelReadNow(ChannelHandlerInvokerUtil.java:84)
		at io.netty.channel.DefaultChannelHandlerInvoker.invokeChannelRead(DefaultChannelHandlerInvoker.java:153)
		at io.netty.channel.PausableChannelEventExecutor.invokeChannelRead(PausableChannelEventExecutor.java:86)
		at io.netty.channel.AbstractChannelHandlerContext.fireChannelRead(AbstractChannelHandlerContext.java:389)
		at io.netty.handler.codec.MessageToMessageDecoder.channelRead(MessageToMessageDecoder.java:103)
		at io.netty.handler.codec.MessageToMessageCodec.channelRead(MessageToMessageCodec.java:111)
		at io.netty.channel.ChannelHandlerInvokerUtil.invokeChannelReadNow(ChannelHandlerInvokerUtil.java:84)
		at io.netty.channel.DefaultChannelHandlerInvoker.invokeChannelRead(DefaultChannelHandlerInvoker.java:153)
		at io.netty.channel.PausableChannelEventExecutor.invokeChannelRead(PausableChannelEventExecutor.java:86)
		at io.netty.channel.AbstractChannelHandlerContext.fireChannelRead(AbstractChannelHandlerContext.java:389)
		at io.netty.handler.codec.ByteToMessageDecoder.channelRead(ByteToMessageDecoder.java:243)
		at io.netty.channel.ChannelHandlerInvokerUtil.invokeChannelReadNow(ChannelHandlerInvokerUtil.java:84)
		at io.netty.channel.DefaultChannelHandlerInvoker.invokeChannelRead(DefaultChannelHandlerInvoker.java:153)
		at io.netty.channel.PausableChannelEventExecutor.invokeChannelRead(PausableChannelEventExecutor.java:86)
		at io.netty.channel.AbstractChannelHandlerContext.fireChannelRead(AbstractChannelHandlerContext.java:389)
		at io.netty.channel.DefaultChannelPipeline.fireChannelRead(DefaultChannelPipeline.java:956)
		at io.netty.channel.nio.AbstractNioByteChannel$NioByteUnsafe.read(AbstractNioByteChannel.java:127)
		at io.netty.channel.nio.NioEventLoop.processSelectedKey(NioEventLoop.java:514)
		at io.netty.channel.nio.NioEventLoop.processSelectedKeysOptimized(NioEventLoop.java:471)
		at io.netty.channel.nio.NioEventLoop.processSelectedKeys(NioEventLoop.java:385)
		at io.netty.channel.nio.NioEventLoop.run(NioEventLoop.java:351)
		at io.netty.util.concurrent.SingleThreadEventExecutor$2.run(SingleThreadEventExecutor.java:116)
		at io.netty.util.internal.chmv8.ForkJoinTask$RunnableExecuteAction.exec(ForkJoinTask.java:1412)
		at io.netty.util.internal.chmv8.ForkJoinTask.doExec(ForkJoinTask.java:280)
		at io.netty.util.internal.chmv8.ForkJoinPool$WorkQueue.runTask(ForkJoinPool.java:877)
		at io.netty.util.internal.chmv8.ForkJoinPool.scan(ForkJoinPool.java:1706)
		at io.netty.util.internal.chmv8.ForkJoinPool.runWorker(ForkJoinPool.java:1661)
		at io.netty.util.internal.chmv8.ForkJoinWorkerThread.run(ForkJoinWorkerThread.java:126)
2025年01月15日 15:03:17  信息 : 网关监视失败。原因：Bad file descriptor
2025年01月15日 15:03:19  信息 : -------------网关启动完毕-------------------
2025年01月15日 15:03:19  信息: cj.studio.gateway.GatewaySocketContainer - 发现应用:hello，加载...
2025年01月15日 15:03:19  信息 : 已装载共享库/Users/andrewjoes/Studio/projects/cj.netos.examples/cj.netos.examples.helloworld.xxx.program/cmdtools/gateway/lib/share
2025年01月15日 15:05:37  信息 : -------------网关启动完毕-------------------
2025年01月15日 15:05:37  信息: cj.studio.gateway.GatewaySocketContainer - 发现应用:hello，加载...
2025年01月15日 15:05:37  信息 : 已装载共享库/Users/andrewjoes/Studio/projects/cj.netos.examples/cj.netos.examples.helloworld.xxx.program/cmdtools/gateway/lib/share
2025年01月15日 15:05:37  信息: cj.studio.openport.client.DefaultOpenportsServicesMonitor - Openports 初始化完成
2025年01月15日 15:05:37  信息 : 系统开放api地址是：/portsapi
2025年01月15日 15:06:16  信息 : -------------网关启动完毕-------------------
2025年01月15日 15:06:16  信息: cj.studio.gateway.GatewaySocketContainer - 发现应用:hello，加载...
2025年01月15日 15:06:16  信息 : 已装载共享库/Users/andrewjoes/Studio/projects/cj.netos.examples/cj.netos.examples.helloworld.xxx.program/cmdtools/gateway/lib/share
2025年01月15日 15:06:16  信息: cj.studio.openport.client.DefaultOpenportsServicesMonitor - Openports 初始化完成
2025年01月15日 15:06:16  信息 : 系统开放api地址是：/portsapi
2025年01月15日 15:06:16  信息 : 发现安全服务：/helloworld.ports，类型：cj.netos.examples.helloworld.xxx.openports.port.HelloworldPorts
2025年01月15日 15:06:16  信息 : 		服务命令：helloworld
2025年01月15日 15:06:16  信息 : 				参数：name java.lang.String parameter
2025年01月15日 15:06:16  信息 : -------------应用启动完毕-------------------
2025年01月15日 15:06:16  信息: cj.studio.gateway.tools.GatewayEntrypoint - 网关成功启动
2025年01月15日 15:06:37  错误: cj.studio.gateway.server.handler.HttpChannelHandler -  异常：java.lang.NullPointerException
		at cj.studio.gateway.socket.app.valve.LastWayInputValve.<init>(LastWayInputValve.java:55)
		at cj.studio.gateway.socket.app.pipeline.builder.AppSocketInputPipelineBuilder.createInputPipeline(AppSocketInputPipelineBuilder.java:67)
		at cj.studio.gateway.socket.app.pipeline.builder.AppSocketInputPipelineBuilder.createPipeline(AppSocketInputPipelineBuilder.java:48)
		at cj.studio.gateway.server.handler.HttpChannelHandler.pipelineHttpBuild(HttpChannelHandler.java:504)
		at cj.studio.gateway.server.handler.HttpChannelHandler.flowHttpRequest(HttpChannelHandler.java:469)
		at cj.studio.gateway.server.handler.HttpChannelHandler.handleHttpRequest(HttpChannelHandler.java:209)
		at cj.studio.gateway.server.handler.HttpChannelHandler.messageReceived(HttpChannelHandler.java:105)
		at io.netty.channel.SimpleChannelInboundHandler.channelRead(SimpleChannelInboundHandler.java:105)
		at io.netty.channel.ChannelHandlerInvokerUtil.invokeChannelReadNow(ChannelHandlerInvokerUtil.java:84)
		at io.netty.channel.DefaultChannelHandlerInvoker.invokeChannelRead(DefaultChannelHandlerInvoker.java:153)
		at io.netty.channel.PausableChannelEventExecutor.invokeChannelRead(PausableChannelEventExecutor.java:86)
		at io.netty.channel.AbstractChannelHandlerContext.fireChannelRead(AbstractChannelHandlerContext.java:389)
		at io.netty.channel.ChannelHandlerAdapter.channelRead(ChannelHandlerAdapter.java:143)
		at io.netty.channel.ChannelHandlerInvokerUtil.invokeChannelReadNow(ChannelHandlerInvokerUtil.java:84)
		at io.netty.channel.DefaultChannelHandlerInvoker.invokeChannelRead(DefaultChannelHandlerInvoker.java:153)
		at io.netty.channel.PausableChannelEventExecutor.invokeChannelRead(PausableChannelEventExecutor.java:86)
		at io.netty.channel.AbstractChannelHandlerContext.fireChannelRead(AbstractChannelHandlerContext.java:389)
		at io.netty.handler.codec.MessageToMessageDecoder.channelRead(MessageToMessageDecoder.java:103)
		at io.netty.handler.codec.MessageToMessageCodec.channelRead(MessageToMessageCodec.java:111)
		at io.netty.channel.ChannelHandlerInvokerUtil.invokeChannelReadNow(ChannelHandlerInvokerUtil.java:84)
		at io.netty.channel.DefaultChannelHandlerInvoker.invokeChannelRead(DefaultChannelHandlerInvoker.java:153)
		at io.netty.channel.PausableChannelEventExecutor.invokeChannelRead(PausableChannelEventExecutor.java:86)
		at io.netty.channel.AbstractChannelHandlerContext.fireChannelRead(AbstractChannelHandlerContext.java:389)
		at io.netty.handler.codec.ByteToMessageDecoder.channelRead(ByteToMessageDecoder.java:243)
		at io.netty.channel.ChannelHandlerInvokerUtil.invokeChannelReadNow(ChannelHandlerInvokerUtil.java:84)
		at io.netty.channel.DefaultChannelHandlerInvoker.invokeChannelRead(DefaultChannelHandlerInvoker.java:153)
		at io.netty.channel.PausableChannelEventExecutor.invokeChannelRead(PausableChannelEventExecutor.java:86)
		at io.netty.channel.AbstractChannelHandlerContext.fireChannelRead(AbstractChannelHandlerContext.java:389)
		at io.netty.channel.DefaultChannelPipeline.fireChannelRead(DefaultChannelPipeline.java:956)
		at io.netty.channel.nio.AbstractNioByteChannel$NioByteUnsafe.read(AbstractNioByteChannel.java:127)
		at io.netty.channel.nio.NioEventLoop.processSelectedKey(NioEventLoop.java:514)
		at io.netty.channel.nio.NioEventLoop.processSelectedKeysOptimized(NioEventLoop.java:471)
		at io.netty.channel.nio.NioEventLoop.processSelectedKeys(NioEventLoop.java:385)
		at io.netty.channel.nio.NioEventLoop.run(NioEventLoop.java:351)
		at io.netty.util.concurrent.SingleThreadEventExecutor$2.run(SingleThreadEventExecutor.java:116)
		at io.netty.util.internal.chmv8.ForkJoinTask$RunnableExecuteAction.exec(ForkJoinTask.java:1412)
		at io.netty.util.internal.chmv8.ForkJoinTask.doExec(ForkJoinTask.java:280)
		at io.netty.util.internal.chmv8.ForkJoinPool$WorkQueue.runTask(ForkJoinPool.java:877)
		at io.netty.util.internal.chmv8.ForkJoinPool.scan(ForkJoinPool.java:1706)
		at io.netty.util.internal.chmv8.ForkJoinPool.runWorker(ForkJoinPool.java:1661)
		at io.netty.util.internal.chmv8.ForkJoinWorkerThread.run(ForkJoinWorkerThread.java:126)
2025年01月15日 15:10:06  信息 : 网关监视失败。原因：Bad file descriptor
2025年01月15日 15:10:08  信息 : -------------网关启动完毕-------------------
2025年01月15日 15:10:08  信息: cj.studio.gateway.GatewaySocketContainer - 发现应用:hello，加载...
2025年01月15日 15:10:08  信息 : 已装载共享库/Users/andrewjoes/Studio/projects/cj.netos.examples/cj.netos.examples.helloworld.xxx.program/cmdtools/gateway/lib/share
2025年01月15日 15:10:08  信息: cj.studio.openport.client.DefaultOpenportsServicesMonitor - Openports 初始化完成
2025年01月15日 15:10:08  信息 : 系统开放api地址是：/portsapi
2025年01月15日 15:10:08  信息 : 发现安全服务：/helloworld.ports，类型：cj.netos.examples.helloworld.xxx.openports.port.HelloworldPorts
2025年01月15日 15:10:08  信息 : 		服务命令：helloworld
2025年01月15日 15:10:08  信息 : 				参数：name java.lang.String parameter
2025年01月15日 15:10:08  信息 : -------------应用启动完毕-------------------
2025年01月15日 15:10:08  信息: cj.studio.gateway.tools.GatewayEntrypoint - 网关成功启动
2025年01月15日 15:10:45  错误: cj.studio.gateway.server.handler.HttpChannelHandler -  异常：java.lang.NullPointerException
		at cj.studio.gateway.socket.app.valve.LastWayInputValve.<init>(LastWayInputValve.java:55)
		at cj.studio.gateway.socket.app.pipeline.builder.AppSocketInputPipelineBuilder.createInputPipeline(AppSocketInputPipelineBuilder.java:67)
		at cj.studio.gateway.socket.app.pipeline.builder.AppSocketInputPipelineBuilder.createPipeline(AppSocketInputPipelineBuilder.java:48)
		at cj.studio.gateway.server.handler.HttpChannelHandler.pipelineHttpBuild(HttpChannelHandler.java:504)
		at cj.studio.gateway.server.handler.HttpChannelHandler.flowHttpRequest(HttpChannelHandler.java:469)
		at cj.studio.gateway.server.handler.HttpChannelHandler.handleHttpRequest(HttpChannelHandler.java:209)
		at cj.studio.gateway.server.handler.HttpChannelHandler.messageReceived(HttpChannelHandler.java:105)
		at io.netty.channel.SimpleChannelInboundHandler.channelRead(SimpleChannelInboundHandler.java:105)
		at io.netty.channel.ChannelHandlerInvokerUtil.invokeChannelReadNow(ChannelHandlerInvokerUtil.java:84)
		at io.netty.channel.DefaultChannelHandlerInvoker.invokeChannelRead(DefaultChannelHandlerInvoker.java:153)
		at io.netty.channel.PausableChannelEventExecutor.invokeChannelRead(PausableChannelEventExecutor.java:86)
		at io.netty.channel.AbstractChannelHandlerContext.fireChannelRead(AbstractChannelHandlerContext.java:389)
		at io.netty.channel.ChannelHandlerAdapter.channelRead(ChannelHandlerAdapter.java:143)
		at io.netty.channel.ChannelHandlerInvokerUtil.invokeChannelReadNow(ChannelHandlerInvokerUtil.java:84)
		at io.netty.channel.DefaultChannelHandlerInvoker.invokeChannelRead(DefaultChannelHandlerInvoker.java:153)
		at io.netty.channel.PausableChannelEventExecutor.invokeChannelRead(PausableChannelEventExecutor.java:86)
		at io.netty.channel.AbstractChannelHandlerContext.fireChannelRead(AbstractChannelHandlerContext.java:389)
		at io.netty.handler.codec.MessageToMessageDecoder.channelRead(MessageToMessageDecoder.java:103)
		at io.netty.handler.codec.MessageToMessageCodec.channelRead(MessageToMessageCodec.java:111)
		at io.netty.channel.ChannelHandlerInvokerUtil.invokeChannelReadNow(ChannelHandlerInvokerUtil.java:84)
		at io.netty.channel.DefaultChannelHandlerInvoker.invokeChannelRead(DefaultChannelHandlerInvoker.java:153)
		at io.netty.channel.PausableChannelEventExecutor.invokeChannelRead(PausableChannelEventExecutor.java:86)
		at io.netty.channel.AbstractChannelHandlerContext.fireChannelRead(AbstractChannelHandlerContext.java:389)
		at io.netty.handler.codec.ByteToMessageDecoder.channelRead(ByteToMessageDecoder.java:243)
		at io.netty.channel.ChannelHandlerInvokerUtil.invokeChannelReadNow(ChannelHandlerInvokerUtil.java:84)
		at io.netty.channel.DefaultChannelHandlerInvoker.invokeChannelRead(DefaultChannelHandlerInvoker.java:153)
		at io.netty.channel.PausableChannelEventExecutor.invokeChannelRead(PausableChannelEventExecutor.java:86)
		at io.netty.channel.AbstractChannelHandlerContext.fireChannelRead(AbstractChannelHandlerContext.java:389)
		at io.netty.channel.DefaultChannelPipeline.fireChannelRead(DefaultChannelPipeline.java:956)
		at io.netty.channel.nio.AbstractNioByteChannel$NioByteUnsafe.read(AbstractNioByteChannel.java:127)
		at io.netty.channel.nio.NioEventLoop.processSelectedKey(NioEventLoop.java:514)
		at io.netty.channel.nio.NioEventLoop.processSelectedKeysOptimized(NioEventLoop.java:471)
		at io.netty.channel.nio.NioEventLoop.processSelectedKeys(NioEventLoop.java:385)
		at io.netty.channel.nio.NioEventLoop.run(NioEventLoop.java:351)
		at io.netty.util.concurrent.SingleThreadEventExecutor$2.run(SingleThreadEventExecutor.java:116)
		at io.netty.util.internal.chmv8.ForkJoinTask$RunnableExecuteAction.exec(ForkJoinTask.java:1412)
		at io.netty.util.internal.chmv8.ForkJoinTask.doExec(ForkJoinTask.java:280)
		at io.netty.util.internal.chmv8.ForkJoinPool$WorkQueue.runTask(ForkJoinPool.java:877)
		at io.netty.util.internal.chmv8.ForkJoinPool.scan(ForkJoinPool.java:1706)
		at io.netty.util.internal.chmv8.ForkJoinPool.runWorker(ForkJoinPool.java:1661)
		at io.netty.util.internal.chmv8.ForkJoinWorkerThread.run(ForkJoinWorkerThread.java:126)
2025年01月15日 15:33:45  信息 : 网关监视失败。原因：Bad file descriptor
2025年01月15日 15:33:47  信息 : -------------网关启动完毕-------------------
2025年01月15日 15:33:47  信息: cj.studio.gateway.GatewaySocketContainer - 发现应用:hello，加载...
2025年01月15日 15:33:47  信息 : 已装载共享库/Users/andrewjoes/Studio/projects/cj.netos.examples/cj.netos.examples.helloworld.xxx.program/cmdtools/gateway/lib/share
2025年01月15日 15:33:47  信息: cj.studio.openport.client.DefaultOpenportsServicesMonitor - Openports 初始化完成
2025年01月15日 15:33:47  信息 : 系统开放api地址是：/portsapi
2025年01月15日 15:34:08  信息 : -------------网关启动完毕-------------------
2025年01月15日 15:34:08  信息: cj.studio.gateway.GatewaySocketContainer - 发现应用:hello，加载...
2025年01月15日 15:34:08  信息 : 已装载共享库/Users/andrewjoes/Studio/projects/cj.netos.examples/cj.netos.examples.helloworld.xxx.program/cmdtools/gateway/lib/share
2025年01月15日 15:34:08  信息: cj.studio.openport.client.DefaultOpenportsServicesMonitor - Openports 初始化完成
2025年01月15日 15:34:08  信息 : 系统开放api地址是：/portsapi
2025年01月15日 15:34:08  信息 : 发现安全服务：/helloworld.ports，类型：cj.netos.examples.helloworld.xxx.openports.port.HelloworldPorts
2025年01月15日 15:34:08  信息 : 		服务命令：helloworld
2025年01月15日 15:34:08  信息 : 				参数：name java.lang.String parameter
2025年01月15日 15:34:08  信息 : -------------应用启动完毕-------------------
2025年01月15日 15:34:08  信息: cj.studio.gateway.tools.GatewayEntrypoint - 网关成功启动
2025年01月15日 15:34:16  错误: cj.studio.gateway.server.handler.HttpChannelHandler -  异常：java.lang.NullPointerException
		at cj.studio.gateway.socket.app.valve.LastWayInputValve.<init>(LastWayInputValve.java:55)
		at cj.studio.gateway.socket.app.pipeline.builder.AppSocketInputPipelineBuilder.createInputPipeline(AppSocketInputPipelineBuilder.java:67)
		at cj.studio.gateway.socket.app.pipeline.builder.AppSocketInputPipelineBuilder.createPipeline(AppSocketInputPipelineBuilder.java:48)
		at cj.studio.gateway.server.handler.HttpChannelHandler.pipelineHttpBuild(HttpChannelHandler.java:504)
		at cj.studio.gateway.server.handler.HttpChannelHandler.flowHttpRequest(HttpChannelHandler.java:469)
		at cj.studio.gateway.server.handler.HttpChannelHandler.handleHttpRequest(HttpChannelHandler.java:209)
		at cj.studio.gateway.server.handler.HttpChannelHandler.messageReceived(HttpChannelHandler.java:105)
		at io.netty.channel.SimpleChannelInboundHandler.channelRead(SimpleChannelInboundHandler.java:105)
		at io.netty.channel.ChannelHandlerInvokerUtil.invokeChannelReadNow(ChannelHandlerInvokerUtil.java:84)
		at io.netty.channel.DefaultChannelHandlerInvoker.invokeChannelRead(DefaultChannelHandlerInvoker.java:153)
		at io.netty.channel.PausableChannelEventExecutor.invokeChannelRead(PausableChannelEventExecutor.java:86)
		at io.netty.channel.AbstractChannelHandlerContext.fireChannelRead(AbstractChannelHandlerContext.java:389)
		at io.netty.channel.ChannelHandlerAdapter.channelRead(ChannelHandlerAdapter.java:143)
		at io.netty.channel.ChannelHandlerInvokerUtil.invokeChannelReadNow(ChannelHandlerInvokerUtil.java:84)
		at io.netty.channel.DefaultChannelHandlerInvoker.invokeChannelRead(DefaultChannelHandlerInvoker.java:153)
		at io.netty.channel.PausableChannelEventExecutor.invokeChannelRead(PausableChannelEventExecutor.java:86)
		at io.netty.channel.AbstractChannelHandlerContext.fireChannelRead(AbstractChannelHandlerContext.java:389)
		at io.netty.handler.codec.MessageToMessageDecoder.channelRead(MessageToMessageDecoder.java:103)
		at io.netty.handler.codec.MessageToMessageCodec.channelRead(MessageToMessageCodec.java:111)
		at io.netty.channel.ChannelHandlerInvokerUtil.invokeChannelReadNow(ChannelHandlerInvokerUtil.java:84)
		at io.netty.channel.DefaultChannelHandlerInvoker.invokeChannelRead(DefaultChannelHandlerInvoker.java:153)
		at io.netty.channel.PausableChannelEventExecutor.invokeChannelRead(PausableChannelEventExecutor.java:86)
		at io.netty.channel.AbstractChannelHandlerContext.fireChannelRead(AbstractChannelHandlerContext.java:389)
		at io.netty.handler.codec.ByteToMessageDecoder.channelRead(ByteToMessageDecoder.java:243)
		at io.netty.channel.ChannelHandlerInvokerUtil.invokeChannelReadNow(ChannelHandlerInvokerUtil.java:84)
		at io.netty.channel.DefaultChannelHandlerInvoker.invokeChannelRead(DefaultChannelHandlerInvoker.java:153)
		at io.netty.channel.PausableChannelEventExecutor.invokeChannelRead(PausableChannelEventExecutor.java:86)
		at io.netty.channel.AbstractChannelHandlerContext.fireChannelRead(AbstractChannelHandlerContext.java:389)
		at io.netty.channel.DefaultChannelPipeline.fireChannelRead(DefaultChannelPipeline.java:956)
		at io.netty.channel.nio.AbstractNioByteChannel$NioByteUnsafe.read(AbstractNioByteChannel.java:127)
		at io.netty.channel.nio.NioEventLoop.processSelectedKey(NioEventLoop.java:514)
		at io.netty.channel.nio.NioEventLoop.processSelectedKeysOptimized(NioEventLoop.java:471)
		at io.netty.channel.nio.NioEventLoop.processSelectedKeys(NioEventLoop.java:385)
		at io.netty.channel.nio.NioEventLoop.run(NioEventLoop.java:351)
		at io.netty.util.concurrent.SingleThreadEventExecutor$2.run(SingleThreadEventExecutor.java:116)
		at io.netty.util.internal.chmv8.ForkJoinTask$RunnableExecuteAction.exec(ForkJoinTask.java:1412)
		at io.netty.util.internal.chmv8.ForkJoinTask.doExec(ForkJoinTask.java:280)
		at io.netty.util.internal.chmv8.ForkJoinPool$WorkQueue.runTask(ForkJoinPool.java:877)
		at io.netty.util.internal.chmv8.ForkJoinPool.scan(ForkJoinPool.java:1706)
		at io.netty.util.internal.chmv8.ForkJoinPool.runWorker(ForkJoinPool.java:1661)
		at io.netty.util.internal.chmv8.ForkJoinWorkerThread.run(ForkJoinWorkerThread.java:126)
2025年01月15日 15:37:21  信息 : -------------网关启动完毕-------------------
2025年01月15日 15:37:21  信息: cj.studio.gateway.GatewaySocketContainer - 发现应用:hello，加载...
2025年01月15日 15:37:21  信息 : 已装载共享库/Users/andrewjoes/Studio/projects/cj.netos.examples/cj.netos.examples.helloworld.xxx.program/cmdtools/gateway/lib/share
2025年01月15日 15:37:21  信息: cj.studio.openport.client.DefaultOpenportsServicesMonitor - Openports 初始化完成
2025年01月15日 15:37:21  信息 : 系统开放api地址是：/portsapi
2025年01月15日 15:37:21  信息 : 发现安全服务：/helloworld.ports，类型：cj.netos.examples.helloworld.xxx.openports.port.HelloworldPorts
2025年01月15日 15:37:21  信息 : 		服务命令：helloworld
2025年01月15日 15:37:21  信息 : 				参数：name java.lang.String parameter
2025年01月15日 15:37:21  信息 : -------------应用启动完毕-------------------
2025年01月15日 15:37:21  信息: cj.studio.gateway.tools.GatewayEntrypoint - 网关成功启动
2025年01月15日 15:37:26  错误: cj.studio.gateway.server.handler.HttpChannelHandler -  异常：java.lang.NullPointerException
		at cj.studio.gateway.socket.app.valve.LastWayInputValve.<init>(LastWayInputValve.java:55)
		at cj.studio.gateway.socket.app.pipeline.builder.AppSocketInputPipelineBuilder.createInputPipeline(AppSocketInputPipelineBuilder.java:67)
		at cj.studio.gateway.socket.app.pipeline.builder.AppSocketInputPipelineBuilder.createPipeline(AppSocketInputPipelineBuilder.java:48)
		at cj.studio.gateway.server.handler.HttpChannelHandler.pipelineHttpBuild(HttpChannelHandler.java:504)
		at cj.studio.gateway.server.handler.HttpChannelHandler.flowHttpRequest(HttpChannelHandler.java:469)
		at cj.studio.gateway.server.handler.HttpChannelHandler.handleHttpRequest(HttpChannelHandler.java:209)
		at cj.studio.gateway.server.handler.HttpChannelHandler.messageReceived(HttpChannelHandler.java:105)
		at io.netty.channel.SimpleChannelInboundHandler.channelRead(SimpleChannelInboundHandler.java:105)
		at io.netty.channel.ChannelHandlerInvokerUtil.invokeChannelReadNow(ChannelHandlerInvokerUtil.java:84)
		at io.netty.channel.DefaultChannelHandlerInvoker.invokeChannelRead(DefaultChannelHandlerInvoker.java:153)
		at io.netty.channel.PausableChannelEventExecutor.invokeChannelRead(PausableChannelEventExecutor.java:86)
		at io.netty.channel.AbstractChannelHandlerContext.fireChannelRead(AbstractChannelHandlerContext.java:389)
		at io.netty.channel.ChannelHandlerAdapter.channelRead(ChannelHandlerAdapter.java:143)
		at io.netty.channel.ChannelHandlerInvokerUtil.invokeChannelReadNow(ChannelHandlerInvokerUtil.java:84)
		at io.netty.channel.DefaultChannelHandlerInvoker.invokeChannelRead(DefaultChannelHandlerInvoker.java:153)
		at io.netty.channel.PausableChannelEventExecutor.invokeChannelRead(PausableChannelEventExecutor.java:86)
		at io.netty.channel.AbstractChannelHandlerContext.fireChannelRead(AbstractChannelHandlerContext.java:389)
		at io.netty.handler.codec.MessageToMessageDecoder.channelRead(MessageToMessageDecoder.java:103)
		at io.netty.handler.codec.MessageToMessageCodec.channelRead(MessageToMessageCodec.java:111)
		at io.netty.channel.ChannelHandlerInvokerUtil.invokeChannelReadNow(ChannelHandlerInvokerUtil.java:84)
		at io.netty.channel.DefaultChannelHandlerInvoker.invokeChannelRead(DefaultChannelHandlerInvoker.java:153)
		at io.netty.channel.PausableChannelEventExecutor.invokeChannelRead(PausableChannelEventExecutor.java:86)
		at io.netty.channel.AbstractChannelHandlerContext.fireChannelRead(AbstractChannelHandlerContext.java:389)
		at io.netty.handler.codec.ByteToMessageDecoder.channelRead(ByteToMessageDecoder.java:243)
		at io.netty.channel.ChannelHandlerInvokerUtil.invokeChannelReadNow(ChannelHandlerInvokerUtil.java:84)
		at io.netty.channel.DefaultChannelHandlerInvoker.invokeChannelRead(DefaultChannelHandlerInvoker.java:153)
		at io.netty.channel.PausableChannelEventExecutor.invokeChannelRead(PausableChannelEventExecutor.java:86)
		at io.netty.channel.AbstractChannelHandlerContext.fireChannelRead(AbstractChannelHandlerContext.java:389)
		at io.netty.channel.DefaultChannelPipeline.fireChannelRead(DefaultChannelPipeline.java:956)
		at io.netty.channel.nio.AbstractNioByteChannel$NioByteUnsafe.read(AbstractNioByteChannel.java:127)
		at io.netty.channel.nio.NioEventLoop.processSelectedKey(NioEventLoop.java:514)
		at io.netty.channel.nio.NioEventLoop.processSelectedKeysOptimized(NioEventLoop.java:471)
		at io.netty.channel.nio.NioEventLoop.processSelectedKeys(NioEventLoop.java:385)
		at io.netty.channel.nio.NioEventLoop.run(NioEventLoop.java:351)
		at io.netty.util.concurrent.SingleThreadEventExecutor$2.run(SingleThreadEventExecutor.java:116)
		at io.netty.util.internal.chmv8.ForkJoinTask$RunnableExecuteAction.exec(ForkJoinTask.java:1412)
		at io.netty.util.internal.chmv8.ForkJoinTask.doExec(ForkJoinTask.java:280)
		at io.netty.util.internal.chmv8.ForkJoinPool$WorkQueue.runTask(ForkJoinPool.java:877)
		at io.netty.util.internal.chmv8.ForkJoinPool.scan(ForkJoinPool.java:1706)
		at io.netty.util.internal.chmv8.ForkJoinPool.runWorker(ForkJoinPool.java:1661)
		at io.netty.util.internal.chmv8.ForkJoinWorkerThread.run(ForkJoinWorkerThread.java:126)
2025年01月15日 15:38:02  信息 : -------------网关启动完毕-------------------
2025年01月15日 15:38:02  信息: cj.studio.gateway.GatewaySocketContainer - 发现应用:hello，加载...
2025年01月15日 15:38:02  信息 : 已装载共享库/Users/andrewjoes/Studio/projects/cj.netos.examples/cj.netos.examples.helloworld.xxx.program/cmdtools/gateway/lib/share
2025年01月15日 15:38:02  信息: cj.studio.openport.client.DefaultOpenportsServicesMonitor - Openports 初始化完成
2025年01月15日 15:38:02  信息 : 系统开放api地址是：/portsapi
2025年01月15日 15:38:02  信息 : 发现安全服务：/helloworld.ports，类型：cj.netos.examples.helloworld.xxx.openports.port.HelloworldPorts
2025年01月15日 15:38:02  信息 : 		服务命令：helloworld
2025年01月15日 15:38:02  信息 : 				参数：name java.lang.String parameter
2025年01月15日 15:38:02  信息 : -------------应用启动完毕-------------------
2025年01月15日 15:38:02  信息: cj.studio.gateway.tools.GatewayEntrypoint - 网关成功启动
2025年01月15日 15:38:06  错误: cj.studio.gateway.server.handler.HttpChannelHandler -  异常：java.lang.NullPointerException
		at cj.studio.gateway.socket.app.valve.LastWayInputValve.<init>(LastWayInputValve.java:55)
		at cj.studio.gateway.socket.app.pipeline.builder.AppSocketInputPipelineBuilder.createInputPipeline(AppSocketInputPipelineBuilder.java:67)
		at cj.studio.gateway.socket.app.pipeline.builder.AppSocketInputPipelineBuilder.createPipeline(AppSocketInputPipelineBuilder.java:48)
		at cj.studio.gateway.server.handler.HttpChannelHandler.pipelineHttpBuild(HttpChannelHandler.java:504)
		at cj.studio.gateway.server.handler.HttpChannelHandler.flowHttpRequest(HttpChannelHandler.java:469)
		at cj.studio.gateway.server.handler.HttpChannelHandler.handleHttpRequest(HttpChannelHandler.java:209)
		at cj.studio.gateway.server.handler.HttpChannelHandler.messageReceived(HttpChannelHandler.java:105)
		at io.netty.channel.SimpleChannelInboundHandler.channelRead(SimpleChannelInboundHandler.java:105)
		at io.netty.channel.ChannelHandlerInvokerUtil.invokeChannelReadNow(ChannelHandlerInvokerUtil.java:84)
		at io.netty.channel.DefaultChannelHandlerInvoker.invokeChannelRead(DefaultChannelHandlerInvoker.java:153)
		at io.netty.channel.PausableChannelEventExecutor.invokeChannelRead(PausableChannelEventExecutor.java:86)
		at io.netty.channel.AbstractChannelHandlerContext.fireChannelRead(AbstractChannelHandlerContext.java:389)
		at io.netty.channel.ChannelHandlerAdapter.channelRead(ChannelHandlerAdapter.java:143)
		at io.netty.channel.ChannelHandlerInvokerUtil.invokeChannelReadNow(ChannelHandlerInvokerUtil.java:84)
		at io.netty.channel.DefaultChannelHandlerInvoker.invokeChannelRead(DefaultChannelHandlerInvoker.java:153)
		at io.netty.channel.PausableChannelEventExecutor.invokeChannelRead(PausableChannelEventExecutor.java:86)
		at io.netty.channel.AbstractChannelHandlerContext.fireChannelRead(AbstractChannelHandlerContext.java:389)
		at io.netty.handler.codec.MessageToMessageDecoder.channelRead(MessageToMessageDecoder.java:103)
		at io.netty.handler.codec.MessageToMessageCodec.channelRead(MessageToMessageCodec.java:111)
		at io.netty.channel.ChannelHandlerInvokerUtil.invokeChannelReadNow(ChannelHandlerInvokerUtil.java:84)
		at io.netty.channel.DefaultChannelHandlerInvoker.invokeChannelRead(DefaultChannelHandlerInvoker.java:153)
		at io.netty.channel.PausableChannelEventExecutor.invokeChannelRead(PausableChannelEventExecutor.java:86)
		at io.netty.channel.AbstractChannelHandlerContext.fireChannelRead(AbstractChannelHandlerContext.java:389)
		at io.netty.handler.codec.ByteToMessageDecoder.channelRead(ByteToMessageDecoder.java:243)
		at io.netty.channel.ChannelHandlerInvokerUtil.invokeChannelReadNow(ChannelHandlerInvokerUtil.java:84)
		at io.netty.channel.DefaultChannelHandlerInvoker.invokeChannelRead(DefaultChannelHandlerInvoker.java:153)
		at io.netty.channel.PausableChannelEventExecutor.invokeChannelRead(PausableChannelEventExecutor.java:86)
		at io.netty.channel.AbstractChannelHandlerContext.fireChannelRead(AbstractChannelHandlerContext.java:389)
		at io.netty.channel.DefaultChannelPipeline.fireChannelRead(DefaultChannelPipeline.java:956)
		at io.netty.channel.nio.AbstractNioByteChannel$NioByteUnsafe.read(AbstractNioByteChannel.java:127)
		at io.netty.channel.nio.NioEventLoop.processSelectedKey(NioEventLoop.java:514)
		at io.netty.channel.nio.NioEventLoop.processSelectedKeysOptimized(NioEventLoop.java:471)
		at io.netty.channel.nio.NioEventLoop.processSelectedKeys(NioEventLoop.java:385)
		at io.netty.channel.nio.NioEventLoop.run(NioEventLoop.java:351)
		at io.netty.util.concurrent.SingleThreadEventExecutor$2.run(SingleThreadEventExecutor.java:116)
		at io.netty.util.internal.chmv8.ForkJoinTask$RunnableExecuteAction.exec(ForkJoinTask.java:1412)
		at io.netty.util.internal.chmv8.ForkJoinTask.doExec(ForkJoinTask.java:280)
		at io.netty.util.internal.chmv8.ForkJoinPool$WorkQueue.runTask(ForkJoinPool.java:877)
		at io.netty.util.internal.chmv8.ForkJoinPool.scan(ForkJoinPool.java:1706)
		at io.netty.util.internal.chmv8.ForkJoinPool.runWorker(ForkJoinPool.java:1661)
		at io.netty.util.internal.chmv8.ForkJoinWorkerThread.run(ForkJoinWorkerThread.java:126)
2025年01月15日 15:39:55  信息 : 网关监视失败。原因：Bad file descriptor
2025年01月15日 15:39:56  信息 : -------------网关启动完毕-------------------
2025年01月15日 15:39:56  信息: cj.studio.gateway.GatewaySocketContainer - 发现应用:hello，加载...
2025年01月15日 15:39:56  信息 : 已装载共享库/Users/andrewjoes/Studio/projects/cj.netos.examples/cj.netos.examples.helloworld.xxx.program/cmdtools/gateway/lib/share
2025年01月15日 15:39:56  信息: cj.studio.openport.client.DefaultOpenportsServicesMonitor - Openports 初始化完成
2025年01月15日 15:39:56  信息 : 系统开放api地址是：/portsapi
2025年01月15日 15:39:56  信息 : 发现安全服务：/helloworld.ports，类型：cj.netos.examples.helloworld.xxx.openports.port.HelloworldPorts
2025年01月15日 15:39:56  信息 : 		服务命令：helloworld
2025年01月15日 15:39:56  信息 : 				参数：name java.lang.String parameter
2025年01月15日 15:39:56  信息 : -------------应用启动完毕-------------------
2025年01月15日 15:39:56  信息: cj.studio.gateway.tools.GatewayEntrypoint - 网关成功启动
2025年01月15日 15:40:01  错误: cj.studio.gateway.server.handler.HttpChannelHandler -  异常：java.lang.NullPointerException
		at cj.studio.gateway.socket.app.valve.LastWayInputValve.<init>(LastWayInputValve.java:55)
		at cj.studio.gateway.socket.app.pipeline.builder.AppSocketInputPipelineBuilder.createInputPipeline(AppSocketInputPipelineBuilder.java:67)
		at cj.studio.gateway.socket.app.pipeline.builder.AppSocketInputPipelineBuilder.createPipeline(AppSocketInputPipelineBuilder.java:48)
		at cj.studio.gateway.server.handler.HttpChannelHandler.pipelineHttpBuild(HttpChannelHandler.java:504)
		at cj.studio.gateway.server.handler.HttpChannelHandler.flowHttpRequest(HttpChannelHandler.java:469)
		at cj.studio.gateway.server.handler.HttpChannelHandler.handleHttpRequest(HttpChannelHandler.java:209)
		at cj.studio.gateway.server.handler.HttpChannelHandler.messageReceived(HttpChannelHandler.java:105)
		at io.netty.channel.SimpleChannelInboundHandler.channelRead(SimpleChannelInboundHandler.java:105)
		at io.netty.channel.ChannelHandlerInvokerUtil.invokeChannelReadNow(ChannelHandlerInvokerUtil.java:84)
		at io.netty.channel.DefaultChannelHandlerInvoker.invokeChannelRead(DefaultChannelHandlerInvoker.java:153)
		at io.netty.channel.PausableChannelEventExecutor.invokeChannelRead(PausableChannelEventExecutor.java:86)
		at io.netty.channel.AbstractChannelHandlerContext.fireChannelRead(AbstractChannelHandlerContext.java:389)
		at io.netty.channel.ChannelHandlerAdapter.channelRead(ChannelHandlerAdapter.java:143)
		at io.netty.channel.ChannelHandlerInvokerUtil.invokeChannelReadNow(ChannelHandlerInvokerUtil.java:84)
		at io.netty.channel.DefaultChannelHandlerInvoker.invokeChannelRead(DefaultChannelHandlerInvoker.java:153)
		at io.netty.channel.PausableChannelEventExecutor.invokeChannelRead(PausableChannelEventExecutor.java:86)
		at io.netty.channel.AbstractChannelHandlerContext.fireChannelRead(AbstractChannelHandlerContext.java:389)
		at io.netty.handler.codec.MessageToMessageDecoder.channelRead(MessageToMessageDecoder.java:103)
		at io.netty.handler.codec.MessageToMessageCodec.channelRead(MessageToMessageCodec.java:111)
		at io.netty.channel.ChannelHandlerInvokerUtil.invokeChannelReadNow(ChannelHandlerInvokerUtil.java:84)
		at io.netty.channel.DefaultChannelHandlerInvoker.invokeChannelRead(DefaultChannelHandlerInvoker.java:153)
		at io.netty.channel.PausableChannelEventExecutor.invokeChannelRead(PausableChannelEventExecutor.java:86)
		at io.netty.channel.AbstractChannelHandlerContext.fireChannelRead(AbstractChannelHandlerContext.java:389)
		at io.netty.handler.codec.ByteToMessageDecoder.channelRead(ByteToMessageDecoder.java:243)
		at io.netty.channel.ChannelHandlerInvokerUtil.invokeChannelReadNow(ChannelHandlerInvokerUtil.java:84)
		at io.netty.channel.DefaultChannelHandlerInvoker.invokeChannelRead(DefaultChannelHandlerInvoker.java:153)
		at io.netty.channel.PausableChannelEventExecutor.invokeChannelRead(PausableChannelEventExecutor.java:86)
		at io.netty.channel.AbstractChannelHandlerContext.fireChannelRead(AbstractChannelHandlerContext.java:389)
		at io.netty.channel.DefaultChannelPipeline.fireChannelRead(DefaultChannelPipeline.java:956)
		at io.netty.channel.nio.AbstractNioByteChannel$NioByteUnsafe.read(AbstractNioByteChannel.java:127)
		at io.netty.channel.nio.NioEventLoop.processSelectedKey(NioEventLoop.java:514)
		at io.netty.channel.nio.NioEventLoop.processSelectedKeysOptimized(NioEventLoop.java:471)
		at io.netty.channel.nio.NioEventLoop.processSelectedKeys(NioEventLoop.java:385)
		at io.netty.channel.nio.NioEventLoop.run(NioEventLoop.java:351)
		at io.netty.util.concurrent.SingleThreadEventExecutor$2.run(SingleThreadEventExecutor.java:116)
		at io.netty.util.internal.chmv8.ForkJoinTask$RunnableExecuteAction.exec(ForkJoinTask.java:1412)
		at io.netty.util.internal.chmv8.ForkJoinTask.doExec(ForkJoinTask.java:280)
		at io.netty.util.internal.chmv8.ForkJoinPool$WorkQueue.runTask(ForkJoinPool.java:877)
		at io.netty.util.internal.chmv8.ForkJoinPool.scan(ForkJoinPool.java:1706)
		at io.netty.util.internal.chmv8.ForkJoinPool.runWorker(ForkJoinPool.java:1661)
		at io.netty.util.internal.chmv8.ForkJoinWorkerThread.run(ForkJoinWorkerThread.java:126)
2025年01月15日 15:41:48  信息 : 网关监视失败。原因：Bad file descriptor
2025年01月15日 15:41:49  信息 : -------------网关启动完毕-------------------
2025年01月15日 15:41:49  信息: cj.studio.gateway.GatewaySocketContainer - 发现应用:hello，加载...
2025年01月15日 15:41:49  信息 : 已装载共享库/Users/andrewjoes/Studio/projects/cj.netos.examples/cj.netos.examples.helloworld.xxx.program/cmdtools/gateway/lib/share
2025年01月15日 15:41:49  信息: cj.studio.openport.client.DefaultOpenportsServicesMonitor - Openports 初始化完成
2025年01月15日 15:41:49  信息 : 系统开放api地址是：/portsapi
2025年01月15日 15:41:49  信息 : 发现安全服务：/helloworld.ports，类型：cj.netos.examples.helloworld.xxx.openports.port.HelloworldPorts
2025年01月15日 15:41:49  信息 : 		服务命令：helloworld
2025年01月15日 15:41:49  信息 : 				参数：name java.lang.String parameter
2025年01月15日 15:41:49  信息 : -------------应用启动完毕-------------------
2025年01月15日 15:41:49  信息: cj.studio.gateway.tools.GatewayEntrypoint - 网关成功启动
2025年01月15日 15:41:53  错误: cj.studio.gateway.server.handler.HttpChannelHandler -  异常：java.lang.NullPointerException
		at cj.studio.gateway.socket.app.valve.LastWayInputValve.<init>(LastWayInputValve.java:55)
		at cj.studio.gateway.socket.app.pipeline.builder.AppSocketInputPipelineBuilder.createInputPipeline(AppSocketInputPipelineBuilder.java:67)
		at cj.studio.gateway.socket.app.pipeline.builder.AppSocketInputPipelineBuilder.createPipeline(AppSocketInputPipelineBuilder.java:48)
		at cj.studio.gateway.server.handler.HttpChannelHandler.pipelineHttpBuild(HttpChannelHandler.java:504)
		at cj.studio.gateway.server.handler.HttpChannelHandler.flowHttpRequest(HttpChannelHandler.java:469)
		at cj.studio.gateway.server.handler.HttpChannelHandler.handleHttpRequest(HttpChannelHandler.java:209)
		at cj.studio.gateway.server.handler.HttpChannelHandler.messageReceived(HttpChannelHandler.java:105)
		at io.netty.channel.SimpleChannelInboundHandler.channelRead(SimpleChannelInboundHandler.java:105)
		at io.netty.channel.ChannelHandlerInvokerUtil.invokeChannelReadNow(ChannelHandlerInvokerUtil.java:84)
		at io.netty.channel.DefaultChannelHandlerInvoker.invokeChannelRead(DefaultChannelHandlerInvoker.java:153)
		at io.netty.channel.PausableChannelEventExecutor.invokeChannelRead(PausableChannelEventExecutor.java:86)
		at io.netty.channel.AbstractChannelHandlerContext.fireChannelRead(AbstractChannelHandlerContext.java:389)
		at io.netty.channel.ChannelHandlerAdapter.channelRead(ChannelHandlerAdapter.java:143)
		at io.netty.channel.ChannelHandlerInvokerUtil.invokeChannelReadNow(ChannelHandlerInvokerUtil.java:84)
		at io.netty.channel.DefaultChannelHandlerInvoker.invokeChannelRead(DefaultChannelHandlerInvoker.java:153)
		at io.netty.channel.PausableChannelEventExecutor.invokeChannelRead(PausableChannelEventExecutor.java:86)
		at io.netty.channel.AbstractChannelHandlerContext.fireChannelRead(AbstractChannelHandlerContext.java:389)
		at io.netty.handler.codec.MessageToMessageDecoder.channelRead(MessageToMessageDecoder.java:103)
		at io.netty.handler.codec.MessageToMessageCodec.channelRead(MessageToMessageCodec.java:111)
		at io.netty.channel.ChannelHandlerInvokerUtil.invokeChannelReadNow(ChannelHandlerInvokerUtil.java:84)
		at io.netty.channel.DefaultChannelHandlerInvoker.invokeChannelRead(DefaultChannelHandlerInvoker.java:153)
		at io.netty.channel.PausableChannelEventExecutor.invokeChannelRead(PausableChannelEventExecutor.java:86)
		at io.netty.channel.AbstractChannelHandlerContext.fireChannelRead(AbstractChannelHandlerContext.java:389)
		at io.netty.handler.codec.ByteToMessageDecoder.channelRead(ByteToMessageDecoder.java:243)
		at io.netty.channel.ChannelHandlerInvokerUtil.invokeChannelReadNow(ChannelHandlerInvokerUtil.java:84)
		at io.netty.channel.DefaultChannelHandlerInvoker.invokeChannelRead(DefaultChannelHandlerInvoker.java:153)
		at io.netty.channel.PausableChannelEventExecutor.invokeChannelRead(PausableChannelEventExecutor.java:86)
		at io.netty.channel.AbstractChannelHandlerContext.fireChannelRead(AbstractChannelHandlerContext.java:389)
		at io.netty.channel.DefaultChannelPipeline.fireChannelRead(DefaultChannelPipeline.java:956)
		at io.netty.channel.nio.AbstractNioByteChannel$NioByteUnsafe.read(AbstractNioByteChannel.java:127)
		at io.netty.channel.nio.NioEventLoop.processSelectedKey(NioEventLoop.java:514)
		at io.netty.channel.nio.NioEventLoop.processSelectedKeysOptimized(NioEventLoop.java:471)
		at io.netty.channel.nio.NioEventLoop.processSelectedKeys(NioEventLoop.java:385)
		at io.netty.channel.nio.NioEventLoop.run(NioEventLoop.java:351)
		at io.netty.util.concurrent.SingleThreadEventExecutor$2.run(SingleThreadEventExecutor.java:116)
		at io.netty.util.internal.chmv8.ForkJoinTask$RunnableExecuteAction.exec(ForkJoinTask.java:1412)
		at io.netty.util.internal.chmv8.ForkJoinTask.doExec(ForkJoinTask.java:280)
		at io.netty.util.internal.chmv8.ForkJoinPool$WorkQueue.runTask(ForkJoinPool.java:877)
		at io.netty.util.internal.chmv8.ForkJoinPool.scan(ForkJoinPool.java:1706)
		at io.netty.util.internal.chmv8.ForkJoinPool.runWorker(ForkJoinPool.java:1661)
		at io.netty.util.internal.chmv8.ForkJoinWorkerThread.run(ForkJoinWorkerThread.java:126)
2025年01月15日 15:42:13  错误: cj.studio.gateway.server.handler.HttpChannelHandler -  异常：java.lang.NullPointerException
		at cj.studio.gateway.socket.app.valve.LastWayInputValve.<init>(LastWayInputValve.java:55)
		at cj.studio.gateway.socket.app.pipeline.builder.AppSocketInputPipelineBuilder.createInputPipeline(AppSocketInputPipelineBuilder.java:67)
		at cj.studio.gateway.socket.app.pipeline.builder.AppSocketInputPipelineBuilder.createPipeline(AppSocketInputPipelineBuilder.java:48)
		at cj.studio.gateway.server.handler.HttpChannelHandler.pipelineHttpBuild(HttpChannelHandler.java:504)
		at cj.studio.gateway.server.handler.HttpChannelHandler.flowHttpRequest(HttpChannelHandler.java:469)
		at cj.studio.gateway.server.handler.HttpChannelHandler.handleHttpRequest(HttpChannelHandler.java:209)
		at cj.studio.gateway.server.handler.HttpChannelHandler.messageReceived(HttpChannelHandler.java:105)
		at io.netty.channel.SimpleChannelInboundHandler.channelRead(SimpleChannelInboundHandler.java:105)
		at io.netty.channel.ChannelHandlerInvokerUtil.invokeChannelReadNow(ChannelHandlerInvokerUtil.java:84)
		at io.netty.channel.DefaultChannelHandlerInvoker.invokeChannelRead(DefaultChannelHandlerInvoker.java:153)
		at io.netty.channel.PausableChannelEventExecutor.invokeChannelRead(PausableChannelEventExecutor.java:86)
		at io.netty.channel.AbstractChannelHandlerContext.fireChannelRead(AbstractChannelHandlerContext.java:389)
		at io.netty.channel.ChannelHandlerAdapter.channelRead(ChannelHandlerAdapter.java:143)
		at io.netty.channel.ChannelHandlerInvokerUtil.invokeChannelReadNow(ChannelHandlerInvokerUtil.java:84)
		at io.netty.channel.DefaultChannelHandlerInvoker.invokeChannelRead(DefaultChannelHandlerInvoker.java:153)
		at io.netty.channel.PausableChannelEventExecutor.invokeChannelRead(PausableChannelEventExecutor.java:86)
		at io.netty.channel.AbstractChannelHandlerContext.fireChannelRead(AbstractChannelHandlerContext.java:389)
		at io.netty.handler.codec.MessageToMessageDecoder.channelRead(MessageToMessageDecoder.java:103)
		at io.netty.handler.codec.MessageToMessageCodec.channelRead(MessageToMessageCodec.java:111)
		at io.netty.channel.ChannelHandlerInvokerUtil.invokeChannelReadNow(ChannelHandlerInvokerUtil.java:84)
		at io.netty.channel.DefaultChannelHandlerInvoker.invokeChannelRead(DefaultChannelHandlerInvoker.java:153)
		at io.netty.channel.PausableChannelEventExecutor.invokeChannelRead(PausableChannelEventExecutor.java:86)
		at io.netty.channel.AbstractChannelHandlerContext.fireChannelRead(AbstractChannelHandlerContext.java:389)
		at io.netty.handler.codec.ByteToMessageDecoder.channelRead(ByteToMessageDecoder.java:243)
		at io.netty.channel.ChannelHandlerInvokerUtil.invokeChannelReadNow(ChannelHandlerInvokerUtil.java:84)
		at io.netty.channel.DefaultChannelHandlerInvoker.invokeChannelRead(DefaultChannelHandlerInvoker.java:153)
		at io.netty.channel.PausableChannelEventExecutor.invokeChannelRead(PausableChannelEventExecutor.java:86)
		at io.netty.channel.AbstractChannelHandlerContext.fireChannelRead(AbstractChannelHandlerContext.java:389)
		at io.netty.channel.DefaultChannelPipeline.fireChannelRead(DefaultChannelPipeline.java:956)
		at io.netty.channel.nio.AbstractNioByteChannel$NioByteUnsafe.read(AbstractNioByteChannel.java:127)
		at io.netty.channel.nio.NioEventLoop.processSelectedKey(NioEventLoop.java:514)
		at io.netty.channel.nio.NioEventLoop.processSelectedKeysOptimized(NioEventLoop.java:471)
		at io.netty.channel.nio.NioEventLoop.processSelectedKeys(NioEventLoop.java:385)
		at io.netty.channel.nio.NioEventLoop.run(NioEventLoop.java:351)
		at io.netty.util.concurrent.SingleThreadEventExecutor$2.run(SingleThreadEventExecutor.java:116)
		at io.netty.util.internal.chmv8.ForkJoinTask$RunnableExecuteAction.exec(ForkJoinTask.java:1412)
		at io.netty.util.internal.chmv8.ForkJoinTask.doExec(ForkJoinTask.java:280)
		at io.netty.util.internal.chmv8.ForkJoinPool$WorkQueue.runTask(ForkJoinPool.java:877)
		at io.netty.util.internal.chmv8.ForkJoinPool.scan(ForkJoinPool.java:1706)
		at io.netty.util.internal.chmv8.ForkJoinPool.runWorker(ForkJoinPool.java:1661)
		at io.netty.util.internal.chmv8.ForkJoinWorkerThread.run(ForkJoinWorkerThread.java:126)
2025年01月15日 15:42:21  错误: cj.studio.gateway.server.handler.HttpChannelHandler -  异常：java.lang.NullPointerException
		at cj.studio.gateway.socket.app.valve.LastWayInputValve.<init>(LastWayInputValve.java:55)
		at cj.studio.gateway.socket.app.pipeline.builder.AppSocketInputPipelineBuilder.createInputPipeline(AppSocketInputPipelineBuilder.java:67)
		at cj.studio.gateway.socket.app.pipeline.builder.AppSocketInputPipelineBuilder.createPipeline(AppSocketInputPipelineBuilder.java:48)
		at cj.studio.gateway.server.handler.HttpChannelHandler.pipelineHttpBuild(HttpChannelHandler.java:504)
		at cj.studio.gateway.server.handler.HttpChannelHandler.flowHttpRequest(HttpChannelHandler.java:469)
		at cj.studio.gateway.server.handler.HttpChannelHandler.handleHttpRequest(HttpChannelHandler.java:209)
		at cj.studio.gateway.server.handler.HttpChannelHandler.messageReceived(HttpChannelHandler.java:105)
		at io.netty.channel.SimpleChannelInboundHandler.channelRead(SimpleChannelInboundHandler.java:105)
		at io.netty.channel.ChannelHandlerInvokerUtil.invokeChannelReadNow(ChannelHandlerInvokerUtil.java:84)
		at io.netty.channel.DefaultChannelHandlerInvoker.invokeChannelRead(DefaultChannelHandlerInvoker.java:153)
		at io.netty.channel.PausableChannelEventExecutor.invokeChannelRead(PausableChannelEventExecutor.java:86)
		at io.netty.channel.AbstractChannelHandlerContext.fireChannelRead(AbstractChannelHandlerContext.java:389)
		at io.netty.channel.ChannelHandlerAdapter.channelRead(ChannelHandlerAdapter.java:143)
		at io.netty.channel.ChannelHandlerInvokerUtil.invokeChannelReadNow(ChannelHandlerInvokerUtil.java:84)
		at io.netty.channel.DefaultChannelHandlerInvoker.invokeChannelRead(DefaultChannelHandlerInvoker.java:153)
		at io.netty.channel.PausableChannelEventExecutor.invokeChannelRead(PausableChannelEventExecutor.java:86)
		at io.netty.channel.AbstractChannelHandlerContext.fireChannelRead(AbstractChannelHandlerContext.java:389)
		at io.netty.handler.codec.MessageToMessageDecoder.channelRead(MessageToMessageDecoder.java:103)
		at io.netty.handler.codec.MessageToMessageCodec.channelRead(MessageToMessageCodec.java:111)
		at io.netty.channel.ChannelHandlerInvokerUtil.invokeChannelReadNow(ChannelHandlerInvokerUtil.java:84)
		at io.netty.channel.DefaultChannelHandlerInvoker.invokeChannelRead(DefaultChannelHandlerInvoker.java:153)
		at io.netty.channel.PausableChannelEventExecutor.invokeChannelRead(PausableChannelEventExecutor.java:86)
		at io.netty.channel.AbstractChannelHandlerContext.fireChannelRead(AbstractChannelHandlerContext.java:389)
		at io.netty.handler.codec.ByteToMessageDecoder.channelRead(ByteToMessageDecoder.java:243)
		at io.netty.channel.ChannelHandlerInvokerUtil.invokeChannelReadNow(ChannelHandlerInvokerUtil.java:84)
		at io.netty.channel.DefaultChannelHandlerInvoker.invokeChannelRead(DefaultChannelHandlerInvoker.java:153)
		at io.netty.channel.PausableChannelEventExecutor.invokeChannelRead(PausableChannelEventExecutor.java:86)
		at io.netty.channel.AbstractChannelHandlerContext.fireChannelRead(AbstractChannelHandlerContext.java:389)
		at io.netty.channel.DefaultChannelPipeline.fireChannelRead(DefaultChannelPipeline.java:956)
		at io.netty.channel.nio.AbstractNioByteChannel$NioByteUnsafe.read(AbstractNioByteChannel.java:127)
		at io.netty.channel.nio.NioEventLoop.processSelectedKey(NioEventLoop.java:514)
		at io.netty.channel.nio.NioEventLoop.processSelectedKeysOptimized(NioEventLoop.java:471)
		at io.netty.channel.nio.NioEventLoop.processSelectedKeys(NioEventLoop.java:385)
		at io.netty.channel.nio.NioEventLoop.run(NioEventLoop.java:351)
		at io.netty.util.concurrent.SingleThreadEventExecutor$2.run(SingleThreadEventExecutor.java:116)
		at io.netty.util.internal.chmv8.ForkJoinTask$RunnableExecuteAction.exec(ForkJoinTask.java:1412)
		at io.netty.util.internal.chmv8.ForkJoinTask.doExec(ForkJoinTask.java:280)
		at io.netty.util.internal.chmv8.ForkJoinPool$WorkQueue.runTask(ForkJoinPool.java:877)
		at io.netty.util.internal.chmv8.ForkJoinPool.scan(ForkJoinPool.java:1706)
		at io.netty.util.internal.chmv8.ForkJoinPool.runWorker(ForkJoinPool.java:1661)
		at io.netty.util.internal.chmv8.ForkJoinWorkerThread.run(ForkJoinWorkerThread.java:126)
2025年01月15日 15:47:55  信息 : 网关监视失败。原因：Bad file descriptor
2025年01月15日 15:47:56  信息 : -------------网关启动完毕-------------------
2025年01月15日 15:47:56  信息: cj.studio.gateway.GatewaySocketContainer - 发现应用:hello，加载...
2025年01月15日 15:47:56  信息 : 已装载共享库/Users/andrewjoes/Studio/projects/cj.netos.examples/cj.netos.examples.helloworld.xxx.program/cmdtools/gateway/lib/share
2025年01月15日 15:47:56  信息: cj.studio.openport.client.DefaultOpenportsServicesMonitor - Openports 初始化完成
2025年01月15日 15:47:56  信息 : 系统开放api地址是：/portsapi
2025年01月15日 15:47:56  信息 : 发现安全服务：/helloworld.ports，类型：cj.netos.examples.helloworld.xxx.openports.port.HelloworldPorts
2025年01月15日 15:47:56  信息 : 		服务命令：helloworld
2025年01月15日 15:47:56  信息 : 				参数：name java.lang.String parameter
2025年01月15日 15:47:56  信息 : -------------应用启动完毕-------------------
2025年01月15日 15:47:56  信息: cj.studio.gateway.tools.GatewayEntrypoint - 网关成功启动
2025年01月15日 15:49:41  信息 : 网关监视失败。原因：Bad file descriptor
2025年01月15日 15:49:42  信息 : -------------网关启动完毕-------------------
2025年01月15日 15:49:42  信息: cj.studio.gateway.GatewaySocketContainer - 发现应用:hello，加载...
2025年01月15日 15:49:42  信息 : 已装载共享库/Users/andrewjoes/Studio/projects/cj.netos.examples/cj.netos.examples.helloworld.xxx.program/cmdtools/gateway/lib/share
2025年01月15日 15:49:43  信息: cj.studio.openport.client.DefaultOpenportsServicesMonitor - Openports 初始化完成
2025年01月15日 15:49:43  信息 : 系统开放api地址是：/portsapi
2025年01月15日 15:49:43  信息 : 发现安全服务：/helloworld.ports，类型：cj.netos.examples.helloworld.xxx.openports.port.HelloworldPorts
2025年01月15日 15:49:43  信息 : 		服务命令：helloworld
2025年01月15日 15:49:43  信息 : 				参数：name java.lang.String parameter
2025年01月15日 15:49:43  信息 : -------------应用启动完毕-------------------
2025年01月15日 15:49:43  信息: cj.studio.gateway.tools.GatewayEntrypoint - 网关成功启动
2025年01月15日 16:09:12  信息 : 网关监视失败。原因：Bad file descriptor
2025年01月15日 16:09:14  信息 : -------------网关启动完毕-------------------
2025年01月15日 16:09:14  信息: cj.studio.gateway.GatewaySocketContainer - 发现应用:hello，加载...
2025年01月15日 16:09:14  信息 : 已装载共享库/Users/andrewjoes/Studio/projects/cj.netos.examples/cj.netos.examples.helloworld.xxx.program/cmdtools/gateway/lib/share
2025年01月15日 16:09:14  信息: cj.studio.openport.client.DefaultOpenportsServicesMonitor - Openports 初始化完成
2025年01月15日 16:09:14  信息 : 系统开放api地址是：/portsapi
2025年01月15日 16:09:14  信息 : 发现安全服务：/helloworld.ports，类型：cj.netos.examples.helloworld.xxx.openports.port.HelloworldPorts
2025年01月15日 16:09:14  信息 : 		服务命令：helloworld
2025年01月15日 16:09:14  信息 : 				参数：name java.lang.String parameter
2025年01月15日 16:09:14  信息 : -------------应用启动完毕-------------------
2025年01月15日 16:09:14  信息: cj.studio.gateway.tools.GatewayEntrypoint - 网关成功启动
